{
  "RSpec": {
    "coverage": {
      "/Users/rebeccamark/Documents/Ada/Capstone/capstone/spec/controllers/questions_controller_spec.rb": [
        1,
        null,
        1,
        null,
        1,
        1,
        0,
        0,
        null,
        null,
        null,
        1,
        1,
        0,
        0,
        null,
        null,
        null,
        1,
        1,
        0,
        null,
        null,
        0,
        null,
        null,
        1,
        0,
        null,
        null,
        0,
        null,
        null,
        1,
        null,
        1,
        0,
        0,
        null,
        null,
        null,
        null,
        null,
        1,
        0,
        null,
        null,
        0,
        null,
        null,
        null,
        null,
        null,
        1,
        1,
        0,
        0,
        null,
        null,
        null,
        1,
        1,
        0,
        0,
        null,
        null,
        null,
        1,
        1,
        0,
        0,
        null,
        null,
        null,
        1,
        1,
        0,
        0,
        null,
        null,
        null,
        null
      ],
      "/Users/rebeccamark/Documents/Ada/Capstone/capstone/spec/rails_helper.rb": [
        null,
        1,
        1,
        1,
        1,
        null,
        null,
        null,
        null,
        null,
        null,
        null,
        null,
        null,
        null,
        null,
        null,
        null,
        null,
        null,
        null,
        null,
        null,
        null,
        1,
        null,
        1,
        null,
        1,
        null,
        null,
        null,
        null,
        1,
        null,
        null,
        null,
        null,
        null,
        null,
        null,
        null,
        null,
        null,
        null,
        null,
        null,
        null,
        1,
        null
      ],
      "/Users/rebeccamark/Documents/Ada/Capstone/capstone/config/environment.rb": [
        null,
        1,
        null,
        null,
        1
      ],
      "/Users/rebeccamark/Documents/Ada/Capstone/capstone/config/application.rb": [
        1,
        null,
        null,
        1,
        1,
        1,
        1,
        1,
        1,
        1,
        null,
        null,
        null,
        null,
        1,
        null,
        1,
        1,
        null,
        null,
        null,
        null,
        null,
        null,
        null,
        null,
        null,
        null,
        null,
        null,
        null,
        1,
        null,
        null
      ],
      "/Users/rebeccamark/Documents/Ada/Capstone/capstone/config/boot.rb": [
        1,
        null,
        1
      ],
      "/Users/rebeccamark/Documents/Ada/Capstone/capstone/config/environments/test.rb": [
        1,
        null,
        null,
        null,
        null,
        null,
        null,
        1,
        null,
        null,
        null,
        null,
        1,
        null,
        null,
        1,
        1,
        null,
        null,
        1,
        1,
        null,
        null,
        1,
        null,
        null,
        1,
        null,
        null,
        null,
        null,
        1,
        null,
        null,
        1,
        null,
        null,
        1,
        null,
        null,
        null,
        null
      ],
      "/Users/rebeccamark/Documents/Ada/Capstone/capstone/config/initializers/assets.rb": [
        null,
        null,
        null,
        1,
        null,
        null,
        null,
        null,
        null,
        null,
        null
      ],
      "/Users/rebeccamark/Documents/Ada/Capstone/capstone/config/initializers/backtrace_silencers.rb": [
        null,
        null,
        null,
        null,
        null,
        null,
        null
      ],
      "/Users/rebeccamark/Documents/Ada/Capstone/capstone/config/initializers/cookies_serializer.rb": [
        null,
        null,
        1
      ],
      "/Users/rebeccamark/Documents/Ada/Capstone/capstone/config/initializers/filter_parameter_logging.rb": [
        null,
        null,
        null,
        1
      ],
      "/Users/rebeccamark/Documents/Ada/Capstone/capstone/config/initializers/inflections.rb": [
        null,
        null,
        null,
        null,
        null,
        null,
        null,
        null,
        null,
        null,
        null,
        null,
        null,
        null,
        null,
        null
      ],
      "/Users/rebeccamark/Documents/Ada/Capstone/capstone/config/initializers/mime_types.rb": [
        null,
        null,
        null,
        null
      ],
      "/Users/rebeccamark/Documents/Ada/Capstone/capstone/config/initializers/session_store.rb": [
        null,
        null,
        1
      ],
      "/Users/rebeccamark/Documents/Ada/Capstone/capstone/config/initializers/wrap_parameters.rb": [
        null,
        null,
        null,
        null,
        null,
        null,
        1,
        1,
        null,
        null,
        null,
        null,
        null,
        null
      ],
      "/Users/rebeccamark/Documents/Ada/Capstone/capstone/config/routes.rb": [
        1,
        null,
        1,
        null,
        null,
        1,
        null,
        null,
        null,
        null,
        null,
        null,
        null,
        null,
        null,
        1,
        1,
        1,
        1,
        1,
        1,
        1,
        null,
        null,
        1,
        null,
        null,
        null,
        null,
        null,
        null,
        null,
        null,
        null,
        null,
        null,
        null,
        null,
        null,
        null,
        null,
        null,
        null,
        null,
        null,
        null,
        null,
        null,
        null,
        null,
        null,
        null,
        null,
        null,
        null,
        null,
        null,
        null,
        null,
        null,
        null,
        null,
        null,
        null,
        null,
        null,
        null,
        null,
        null,
        null,
        null,
        null,
        null,
        null,
        null,
        null,
        null,
        null,
        null,
        null,
        null
      ],
      "/Users/rebeccamark/Documents/Ada/Capstone/capstone/app/helpers/application_helper.rb": [
        1,
        null
      ],
      "/Users/rebeccamark/Documents/Ada/Capstone/capstone/app/helpers/questions_helper.rb": [
        1,
        null
      ],
      "/Users/rebeccamark/Documents/Ada/Capstone/capstone/app/helpers/responses_helper.rb": [
        1,
        null
      ],
      "/Users/rebeccamark/Documents/Ada/Capstone/capstone/app/helpers/results_helper.rb": [
        1,
        null
      ],
      "/Users/rebeccamark/Documents/Ada/Capstone/capstone/app/helpers/welcome_helper.rb": [
        1,
        null
      ],
      "/Users/rebeccamark/Documents/Ada/Capstone/capstone/app/controllers/questions_controller.rb": [
        1,
        1,
        null,
        null,
        1,
        0,
        0,
        null,
        null,
        1,
        0,
        0,
        0,
        0,
        null,
        0,
        0,
        null,
        0,
        null,
        null,
        null,
        1,
        null,
        null,
        1,
        null,
        null,
        1,
        null,
        null,
        1,
        null,
        null,
        1,
        null,
        1,
        0,
        null,
        null,
        1,
        0,
        null,
        null
      ],
      "/Users/rebeccamark/Documents/Ada/Capstone/capstone/app/controllers/application_controller.rb": [
        1,
        null,
        null,
        1,
        null,
        1,
        null,
        1,
        0,
        0,
        null,
        null,
        null,
        null
      ],
      "/Users/rebeccamark/Documents/Ada/Capstone/capstone/spec/controllers/responses_controller_spec.rb": [
        1,
        null,
        1,
        null,
        1,
        1,
        0,
        0,
        null,
        null,
        null,
        1,
        1,
        0,
        null,
        0,
        null,
        null,
        1,
        1,
        0,
        0,
        null,
        null,
        null,
        1,
        0,
        0,
        null,
        null,
        null,
        1,
        1,
        0,
        0,
        null,
        null,
        null,
        1,
        1,
        0,
        0,
        null,
        null,
        null,
        1,
        1,
        0,
        0,
        null,
        null,
        null,
        1,
        1,
        0,
        0,
        null,
        null,
        null,
        1,
        1,
        0,
        0,
        null,
        null,
        null,
        null
      ],
      "/Users/rebeccamark/Documents/Ada/Capstone/capstone/app/controllers/responses_controller.rb": [
        1,
        1,
        0,
        null,
        null,
        1,
        0,
        0,
        0,
        0,
        0,
        null,
        0,
        null,
        null,
        null,
        1,
        null,
        null,
        1,
        null,
        null,
        1,
        null,
        null,
        1,
        null,
        null,
        1,
        null,
        null,
        1,
        null,
        1,
        0,
        null,
        null
      ],
      "/Users/rebeccamark/Documents/Ada/Capstone/capstone/spec/controllers/results_controller_spec.rb": [
        1,
        null,
        1,
        null,
        1,
        1,
        0,
        0,
        0,
        null,
        null,
        0,
        0,
        0,
        null,
        null,
        null,
        null
      ],
      "/Users/rebeccamark/Documents/Ada/Capstone/capstone/app/controllers/results_controller.rb": [
        1,
        1,
        null,
        1,
        null,
        0,
        null,
        0,
        null,
        0,
        null,
        0,
        0,
        null,
        null,
        null,
        null,
        null,
        null,
        0,
        0,
        null,
        null,
        null,
        null,
        null,
        null,
        null
      ]
    },
    "timestamp": 1423177384
  }
}
