{
  "RSpec": {
    "coverage": {
      "/Users/rebeccamark/Documents/Ada/Capstone/capstone/spec/controllers/questions_controller_spec.rb": [
        1,
        null,
        1,
        null,
        1,
        1,
        1,
        1,
        null,
        null,
        null,
        1,
        1,
        1,
        1,
        null,
        null,
        null,
        1,
        1,
        1,
        null,
        null,
        0,
        null,
        null,
        1,
        1,
        null,
        null,
        0,
        null,
        null,
        1,
        null,
        1,
        1,
        1,
        null,
        null,
        null,
        null,
        null,
        1,
        1,
        null,
        null,
        1,
        null,
        null,
        null,
        null,
        null,
        1,
        1,
        1,
        1,
        null,
        null,
        null,
        1,
        1,
        1,
        1,
        null,
        null,
        null,
        1,
        1,
        1,
        1,
        null,
        null,
        null,
        1,
        1,
        1,
        1,
        null,
        null,
        null,
        null
      ],
      "/Users/rebeccamark/Documents/Ada/Capstone/capstone/spec/rails_helper.rb": [
        null,
        1,
        1,
        1,
        1,
        null,
        null,
        null,
        null,
        null,
        null,
        null,
        null,
        null,
        null,
        null,
        null,
        null,
        null,
        null,
        null,
        null,
        null,
        null,
        1,
        null,
        1,
        null,
        1,
        null,
        null,
        null,
        null,
        1,
        null,
        null,
        null,
        null,
        null,
        null,
        null,
        null,
        null,
        null,
        null,
        null,
        null,
        null,
        1,
        null
      ],
      "/Users/rebeccamark/Documents/Ada/Capstone/capstone/config/environment.rb": [
        null,
        1,
        null,
        null,
        1
      ],
      "/Users/rebeccamark/Documents/Ada/Capstone/capstone/config/application.rb": [
        1,
        null,
        null,
        1,
        1,
        1,
        1,
        1,
        1,
        1,
        null,
        null,
        null,
        null,
        1,
        null,
        1,
        1,
        null,
        null,
        null,
        null,
        null,
        null,
        null,
        null,
        null,
        null,
        null,
        null,
        null,
        1,
        null,
        null
      ],
      "/Users/rebeccamark/Documents/Ada/Capstone/capstone/config/boot.rb": [
        1,
        null,
        1
      ],
      "/Users/rebeccamark/Documents/Ada/Capstone/capstone/config/environments/test.rb": [
        1,
        null,
        null,
        null,
        null,
        null,
        null,
        1,
        null,
        null,
        null,
        null,
        1,
        null,
        null,
        1,
        1,
        null,
        null,
        1,
        1,
        null,
        null,
        1,
        null,
        null,
        1,
        null,
        null,
        null,
        null,
        1,
        null,
        null,
        1,
        null,
        null,
        1,
        null,
        null,
        null,
        null
      ],
      "/Users/rebeccamark/Documents/Ada/Capstone/capstone/config/initializers/assets.rb": [
        null,
        null,
        null,
        1,
        null,
        null,
        null,
        null,
        null,
        null,
        null
      ],
      "/Users/rebeccamark/Documents/Ada/Capstone/capstone/config/initializers/backtrace_silencers.rb": [
        null,
        null,
        null,
        null,
        null,
        null,
        null
      ],
      "/Users/rebeccamark/Documents/Ada/Capstone/capstone/config/initializers/cookies_serializer.rb": [
        null,
        null,
        1
      ],
      "/Users/rebeccamark/Documents/Ada/Capstone/capstone/config/initializers/filter_parameter_logging.rb": [
        null,
        null,
        null,
        1
      ],
      "/Users/rebeccamark/Documents/Ada/Capstone/capstone/config/initializers/inflections.rb": [
        null,
        null,
        null,
        null,
        null,
        null,
        null,
        null,
        null,
        null,
        null,
        null,
        null,
        null,
        null,
        null
      ],
      "/Users/rebeccamark/Documents/Ada/Capstone/capstone/config/initializers/mime_types.rb": [
        null,
        null,
        null,
        null
      ],
      "/Users/rebeccamark/Documents/Ada/Capstone/capstone/config/initializers/session_store.rb": [
        null,
        null,
        1
      ],
      "/Users/rebeccamark/Documents/Ada/Capstone/capstone/config/initializers/wrap_parameters.rb": [
        null,
        null,
        null,
        null,
        null,
        null,
        1,
        1,
        null,
        null,
        null,
        null,
        null,
        null
      ],
      "/Users/rebeccamark/Documents/Ada/Capstone/capstone/config/routes.rb": [
        1,
        null,
        1,
        null,
        null,
        1,
        null,
        null,
        null,
        null,
        null,
        null,
        null,
        null,
        null,
        1,
        1,
        1,
        1,
        1,
        1,
        1,
        null,
        null,
        1,
        null,
        null,
        null,
        null,
        null,
        null,
        null,
        null,
        null,
        null,
        null,
        null,
        null,
        null,
        null,
        null,
        null,
        null,
        null,
        null,
        null,
        null,
        null,
        null,
        null,
        null,
        null,
        null,
        null,
        null,
        null,
        null,
        null,
        null,
        null,
        null,
        null,
        null,
        null,
        null,
        null,
        null,
        null,
        null,
        null,
        null,
        null,
        null,
        null,
        null,
        null,
        null,
        null,
        null,
        null,
        null
      ],
      "/Users/rebeccamark/Documents/Ada/Capstone/capstone/app/helpers/application_helper.rb": [
        1,
        null
      ],
      "/Users/rebeccamark/Documents/Ada/Capstone/capstone/app/helpers/questions_helper.rb": [
        1,
        null
      ],
      "/Users/rebeccamark/Documents/Ada/Capstone/capstone/app/helpers/responses_helper.rb": [
        1,
        null
      ],
      "/Users/rebeccamark/Documents/Ada/Capstone/capstone/app/helpers/results_helper.rb": [
        1,
        null
      ],
      "/Users/rebeccamark/Documents/Ada/Capstone/capstone/app/helpers/welcome_helper.rb": [
        1,
        null
      ],
      "/Users/rebeccamark/Documents/Ada/Capstone/capstone/app/controllers/questions_controller.rb": [
        null,
        1,
        1,
        null,
        null,
        1,
        1,
        1,
        null,
        null,
        1,
        4,
        4,
        2,
        0,
        null,
        0,
        0,
        null,
        2,
        null,
        null,
        null,
        1,
        null,
        null,
        1,
        null,
        null,
        1,
        null,
        null,
        1,
        null,
        null,
        1,
        null,
        1,
        2,
        null,
        null,
        1,
        4,
        null,
        null
      ],
      "/Users/rebeccamark/Documents/Ada/Capstone/capstone/app/controllers/application_controller.rb": [
        1,
        null,
        null,
        1,
        null,
        1,
        null,
        1,
        2,
        2,
        null,
        null,
        null,
        null,
        1,
        0,
        0,
        null,
        null,
        null,
        null
      ],
      "/Users/rebeccamark/Documents/Ada/Capstone/capstone/spec/controllers/responses_controller_spec.rb": [
        1,
        null,
        1,
        null,
        1,
        1,
        1,
        1,
        null,
        null,
        null,
        1,
        1,
        1,
        null,
        1,
        null,
        null,
        1,
        1,
        1,
        1,
        null,
        null,
        null,
        1,
        1,
        1,
        null,
        null,
        null,
        1,
        1,
        1,
        1,
        null,
        null,
        null,
        1,
        1,
        1,
        1,
        null,
        null,
        null,
        1,
        1,
        1,
        1,
        null,
        null,
        null,
        1,
        1,
        1,
        1,
        null,
        null,
        null,
        1,
        1,
        1,
        1,
        null,
        null,
        null,
        null
      ],
      "/Users/rebeccamark/Documents/Ada/Capstone/capstone/app/controllers/responses_controller.rb": [
        1,
        null,
        null,
        1,
        1,
        null,
        null,
        1,
        3,
        3,
        3,
        1,
        1,
        null,
        2,
        null,
        null,
        null,
        1,
        null,
        null,
        1,
        null,
        null,
        1,
        null,
        null,
        1,
        null,
        null,
        1,
        null,
        null,
        1,
        null,
        1,
        3,
        null,
        null
      ],
      "/Users/rebeccamark/Documents/Ada/Capstone/capstone/spec/controllers/results_controller_spec.rb": [
        1,
        null,
        1,
        null,
        1,
        1,
        1,
        1,
        null,
        null,
        1,
        1,
        1,
        null,
        null,
        null,
        null
      ],
      "/Users/rebeccamark/Documents/Ada/Capstone/capstone/app/controllers/results_controller.rb": [
        1,
        1,
        null,
        1,
        null,
        0,
        null,
        0,
        null,
        0,
        null,
        0,
        0,
        null,
        null,
        null,
        null,
        null,
        null,
        0,
        0,
        null,
        null,
        null,
        null,
        null,
        null,
        null
      ],
      "/Users/rebeccamark/Documents/Ada/Capstone/capstone/spec/controllers/welcome_controller_spec.rb": [
        1,
        null,
        1,
        null,
        1,
        1,
        1,
        1,
        null,
        null,
        null,
        null
      ],
      "/Users/rebeccamark/Documents/Ada/Capstone/capstone/app/controllers/welcome_controller.rb": [
        1,
        1,
        null,
        null
      ],
      "/Users/rebeccamark/Documents/Ada/Capstone/capstone/spec/helpers/questions_helper_spec.rb": [
        1,
        null,
        null,
        null,
        null,
        null,
        null,
        null,
        null,
        null,
        null,
        null,
        1,
        null,
        null
      ],
      "/Users/rebeccamark/Documents/Ada/Capstone/capstone/spec/helpers/responses_helper_spec.rb": [
        1,
        null,
        null,
        null,
        null,
        null,
        null,
        null,
        null,
        null,
        null,
        null,
        1,
        null,
        null
      ],
      "/Users/rebeccamark/Documents/Ada/Capstone/capstone/spec/helpers/results_helper_spec.rb": [
        1,
        null,
        null,
        null,
        null,
        null,
        null,
        null,
        null,
        null,
        null,
        null,
        1,
        null,
        null
      ],
      "/Users/rebeccamark/Documents/Ada/Capstone/capstone/spec/helpers/welcome_helper_spec.rb": [
        1,
        null,
        null,
        null,
        null,
        null,
        null,
        null,
        null,
        null,
        null,
        null,
        1,
        null,
        null
      ],
      "/Users/rebeccamark/Documents/Ada/Capstone/capstone/spec/models/question_spec.rb": [
        1,
        null,
        1,
        1,
        null
      ],
      "/Users/rebeccamark/Documents/Ada/Capstone/capstone/app/models/question.rb": [
        1,
        1,
        1,
        1,
        null,
        1,
        null
      ],
      "/Users/rebeccamark/Documents/Ada/Capstone/capstone/spec/models/response_spec.rb": [
        1,
        null,
        1,
        1,
        null
      ],
      "/Users/rebeccamark/Documents/Ada/Capstone/capstone/app/models/response.rb": [
        null,
        1,
        1,
        null,
        1,
        null,
        1,
        null,
        null,
        1,
        0,
        null,
        null,
        1,
        null,
        null,
        null,
        null,
        null,
        null,
        null,
        null,
        null,
        null,
        null,
        null,
        null,
        null,
        null,
        null,
        null,
        null,
        null,
        null,
        null,
        null,
        null,
        null,
        null,
        null,
        null,
        null,
        null,
        null,
        null,
        null,
        null,
        null,
        null,
        null,
        null,
        null
      ],
      "/Users/rebeccamark/Documents/Ada/Capstone/capstone/spec/models/talking_point_spec.rb": [
        1,
        null,
        1,
        1,
        null
      ],
      "/Users/rebeccamark/Documents/Ada/Capstone/capstone/app/models/talking_point.rb": [
        1,
        1,
        null
      ],
      "/Users/rebeccamark/Documents/Ada/Capstone/capstone/spec/views/projected_wordings/create.html.erb_spec.rb": [
        1,
        null,
        1,
        1,
        null
      ],
      "/Users/rebeccamark/Documents/Ada/Capstone/capstone/spec/views/projected_wordings/destroy.html.erb_spec.rb": [
        1,
        null,
        1,
        1,
        null
      ],
      "/Users/rebeccamark/Documents/Ada/Capstone/capstone/spec/views/projected_wordings/edit.html.erb_spec.rb": [
        1,
        null,
        1,
        1,
        null
      ],
      "/Users/rebeccamark/Documents/Ada/Capstone/capstone/spec/views/projected_wordings/new.html.erb_spec.rb": [
        1,
        null,
        1,
        1,
        null
      ],
      "/Users/rebeccamark/Documents/Ada/Capstone/capstone/spec/views/projected_wordings/update.html.erb_spec.rb": [
        1,
        null,
        1,
        1,
        null
      ],
      "/Users/rebeccamark/Documents/Ada/Capstone/capstone/spec/views/questions/create.html.erb_spec.rb": [
        1,
        null,
        1,
        1,
        null
      ],
      "/Users/rebeccamark/Documents/Ada/Capstone/capstone/spec/views/questions/destroy.html.erb_spec.rb": [
        1,
        null,
        1,
        1,
        null
      ],
      "/Users/rebeccamark/Documents/Ada/Capstone/capstone/spec/views/questions/edit.html.erb_spec.rb": [
        1,
        null,
        1,
        1,
        null
      ],
      "/Users/rebeccamark/Documents/Ada/Capstone/capstone/spec/views/questions/index.html.erb_spec.rb": [
        1,
        null,
        1,
        1,
        null
      ],
      "/Users/rebeccamark/Documents/Ada/Capstone/capstone/spec/views/questions/new.html.erb_spec.rb": [
        1,
        null,
        1,
        1,
        null
      ],
      "/Users/rebeccamark/Documents/Ada/Capstone/capstone/spec/views/questions/show.html.erb_spec.rb": [
        1,
        null,
        1,
        1,
        null
      ],
      "/Users/rebeccamark/Documents/Ada/Capstone/capstone/spec/views/questions/update.html.erb_spec.rb": [
        1,
        null,
        1,
        1,
        null
      ],
      "/Users/rebeccamark/Documents/Ada/Capstone/capstone/spec/views/responses/create.html.erb_spec.rb": [
        1,
        null,
        1,
        1,
        null
      ],
      "/Users/rebeccamark/Documents/Ada/Capstone/capstone/spec/views/responses/destroy.html.erb_spec.rb": [
        1,
        null,
        1,
        1,
        null
      ],
      "/Users/rebeccamark/Documents/Ada/Capstone/capstone/spec/views/responses/edit.html.erb_spec.rb": [
        1,
        null,
        1,
        1,
        null
      ],
      "/Users/rebeccamark/Documents/Ada/Capstone/capstone/spec/views/responses/index.html.erb_spec.rb": [
        1,
        null,
        1,
        1,
        null
      ],
      "/Users/rebeccamark/Documents/Ada/Capstone/capstone/spec/views/responses/new.html.erb_spec.rb": [
        1,
        null,
        1,
        1,
        null
      ],
      "/Users/rebeccamark/Documents/Ada/Capstone/capstone/spec/views/responses/show.html.erb_spec.rb": [
        1,
        null,
        1,
        1,
        null
      ],
      "/Users/rebeccamark/Documents/Ada/Capstone/capstone/spec/views/responses/update.html.erb_spec.rb": [
        1,
        null,
        1,
        1,
        null
      ],
      "/Users/rebeccamark/Documents/Ada/Capstone/capstone/spec/views/results/show.html.erb_spec.rb": [
        1,
        null,
        1,
        1,
        null
      ],
      "/Users/rebeccamark/Documents/Ada/Capstone/capstone/spec/views/welcome/index.html.erb_spec.rb": [
        1,
        null,
        1,
        1,
        null
      ]
    },
    "timestamp": 1423180752
  }
}
